<?xml version="1.0" encoding="UTF-8"?>
<!-- Generated by org.testng.reporters.JUnitReportReporter -->
<testsuite hostname="LAPTOP-HL60RPLJ" failures="0" tests="3" name="com.pet.testcases.LoginPageTest" time="15.758" errors="0" timestamp="2023-10-26T00:02:55 IST" skipped="0">
  <testcase classname="com.pet.testcases.LoginPageTest" name="loginPageTitleTest" time="3.533"/>
  <testcase classname="com.pet.testcases.LoginPageTest" name="loginPageLogoTest" time="3.332"/>
  <testcase classname="com.pet.testcases.LoginPageTest" name="loginTest" time="8.893"/>
</testsuite> <!-- com.pet.testcases.LoginPageTest -->
