<?xml version="1.0" encoding="UTF-8"?>
<!-- Generated by org.testng.reporters.JUnitReportReporter -->
<testsuite hostname="LAPTOP-HL60RPLJ" failures="0" tests="2" name="com.pet.testcases.SignUpPageTest" time="6.776" errors="0" timestamp="2023-10-25T23:27:30 IST" skipped="0">
  <testcase classname="com.pet.testcases.SignUpPageTest" name="validateTitleTest" time="2.650"/>
  <testcase classname="com.pet.testcases.SignUpPageTest" name="validateCreateAccountTest" time="4.126"/>
</testsuite> <!-- com.pet.testcases.SignUpPageTest -->
