<?xml version="1.0" encoding="UTF-8"?>
<!-- Generated by org.testng.reporters.JUnitReportReporter -->
<testsuite hostname="LAPTOP-HL60RPLJ" failures="0" tests="4" name="com.pet.testcases.FishPageTest" time="16.772" errors="0" timestamp="2023-10-26T00:02:55 IST" skipped="0">
  <testcase classname="com.pet.testcases.FishPageTest" name="validateFishLabel" time="3.658"/>
  <testcase classname="com.pet.testcases.FishPageTest" name="clickOnAngelFishLink" time="4.338"/>
  <testcase classname="com.pet.testcases.FishPageTest" name="clickOnTigerSharkLink" time="4.043"/>
  <testcase classname="com.pet.testcases.FishPageTest" name="clickOnReturnToMainMenuLink" time="4.733"/>
</testsuite> <!-- com.pet.testcases.FishPageTest -->
