<?xml version="1.0" encoding="UTF-8"?>
<!-- Generated by org.testng.reporters.JUnitReportReporter -->
<testsuite hostname="LAPTOP-HL60RPLJ" failures="0" tests="5" name="com.pet.testcases.HomePageTest" time="26.131" errors="0" timestamp="2023-10-26T00:02:55 IST" skipped="0">
  <testcase classname="com.pet.testcases.HomePageTest" name="verifyTitleTest" time="3.399"/>
  <testcase classname="com.pet.testcases.HomePageTest" name="verifyLogoTest" time="3.675"/>
  <testcase classname="com.pet.testcases.HomePageTest" name="verifyFishLink" time="7.758"/>
  <testcase classname="com.pet.testcases.HomePageTest" name="verifyBirdsLink" time="7.217"/>
  <testcase classname="com.pet.testcases.HomePageTest" name="verifyReptilesLink" time="4.082"/>
</testsuite> <!-- com.pet.testcases.HomePageTest -->
